<?xml version="1.0" encoding="UTF-8"?>
<!-- Generated by org.testng.reporters.JUnitReportReporter -->
<testsuite hostname="jk" failures="0" tests="1" name="com.actitime.generic.CostomerModule" time="29.767" errors="0" timestamp="2023-05-08T17:15:21 IST" skipped="0">
  <testcase classname="com.actitime.generic.CostomerModule" name="createcustomer" time="29.767"/>
  <system-out>
    <![CDATA[create customer]]>
  </system-out>
</testsuite> <!-- com.actitime.generic.CostomerModule -->
