<?xml version="1.0" encoding="UTF-8"?>
<!-- Generated by org.testng.reporters.JUnitReportReporter -->
<testsuite hostname="jk" failures="0" tests="1" name="com.actitime.generic1.CostomerModule" time="19.538" errors="0" timestamp="2023-05-09T10:03:07 IST" skipped="0">
  <testcase classname="com.actitime.generic1.CostomerModule" name="createcustomer" time="19.538"/>
  <system-out>
    <![CDATA[create customer]]>
  </system-out>
</testsuite> <!-- com.actitime.generic1.CostomerModule -->
