<?xml version="1.0" encoding="UTF-8"?>
<!-- Generated by org.testng.reporters.JUnitReportReporter -->
<testsuite hostname="jk" failures="0" tests="3" name="com.actitime.testscript.SkipTestcase" time="0.017" errors="0" timestamp="2023-05-02T21:47:53 IST" skipped="1">
  <testcase classname="com.actitime.testscript.SkipTestcase" name="deleteTest" time="0.015"/>
  <system-out>
    <![CDATA[hello]]>
  </system-out>
  <testcase classname="com.actitime.testscript.SkipTestcase" name="createTest" time="0.002"/>
  <system-out>
    <![CDATA[hi]]>
  </system-out>
  <testcase classname="com.actitime.testscript.SkipTestcase" name="modifyTest">
    <skipped/>
  </testcase> <!-- modifyTest -->
  <system-out/>
</testsuite> <!-- com.actitime.testscript.SkipTestcase -->
