<?xml version="1.0" encoding="UTF-8"?>
<!-- Generated by org.testng.reporters.JUnitReportReporter -->
<testsuite hostname="jk" failures="0" tests="3" name="com.actitime.testscript.demotestNG" time="0.020" errors="0" timestamp="2023-05-02T21:39:14 IST" skipped="0">
  <testcase classname="com.actitime.testscript.demotestNG" name="modifyTest" time="0.002"/>
  <system-out>
    <![CDATA[bye]]>
  </system-out>
  <testcase classname="com.actitime.testscript.demotestNG" name="deleteTest" time="0.002"/>
  <system-out>
    <![CDATA[hello]]>
  </system-out>
  <testcase classname="com.actitime.testscript.demotestNG" name="createTest" time="0.016"/>
  <system-out>
    <![CDATA[hi]]>
  </system-out>
</testsuite> <!-- com.actitime.testscript.demotestNG -->
