<?xml version="1.0" encoding="UTF-8"?>
<!-- Generated by org.testng.reporters.JUnitReportReporter -->
<testsuite hostname="jk" failures="0" tests="1" name="Seleniummock.TestMethodcls" time="8.207" errors="0" timestamp="2023-05-19T13:54:27 IST" skipped="0">
  <testcase classname="Seleniummock.TestMethodcls" name="testcase" time="8.207"/>
  <system-out/>
</testsuite> <!-- Seleniummock.TestMethodcls -->
