<?xml version="1.0" encoding="UTF-8"?>
<!-- Generated by org.testng.reporters.JUnitReportReporter -->
<testsuite hostname="jk" failures="0" tests="3" name="com.actitime.testscript.TaskModule" time="0.039" errors="0" timestamp="2023-05-08T16:17:25 IST" skipped="0">
  <testcase classname="com.actitime.testscript.TaskModule" name="DeleteTask" time="0.006"/>
  <system-out>
    <![CDATA[delete Task]]>
  </system-out>
  <testcase classname="com.actitime.testscript.TaskModule" name="ModifyTask" time="0.024"/>
  <system-out>
    <![CDATA[Modify Task]]>
  </system-out>
  <testcase classname="com.actitime.testscript.TaskModule" name="createTask" time="0.009"/>
  <system-out>
    <![CDATA[Create Task]]>
  </system-out>
</testsuite> <!-- com.actitime.testscript.TaskModule -->
