<?xml version="1.0" encoding="UTF-8"?>
<!-- Generated by org.testng.reporters.JUnitReportReporter -->
<testsuite hostname="jk" failures="0" tests="1" name="com.actitime.testscript.DemoAssertion" time="7.732" errors="0" timestamp="2023-05-03T17:45:06 IST" skipped="0">
  <testcase classname="com.actitime.testscript.DemoAssertion" name="verifyTitle" time="7.732"/>
  <system-out/>
</testsuite> <!-- com.actitime.testscript.DemoAssertion -->
